2022-06-21 23:36:35.057  INFO 18664 --- [restartedMain] c.S.P.PhoneBookApplication               : Starting PhoneBookApplication using Java 17.0.2 on DESKTOP-ODI7B88 with PID 18664 (D:\MiniProject\phoneBookApplication\target\classes started by Dell in D:\MiniProject\phoneBookApplication)
2022-06-21 23:36:35.059  INFO 18664 --- [restartedMain] c.S.P.PhoneBookApplication               : No active profile set, falling back to 1 default profile: "default"
2022-06-21 23:36:35.135  INFO 18664 --- [restartedMain] .e.DevToolsPropertyDefaultsPostProcessor : Devtools property defaults active! Set 'spring.devtools.add-properties' to 'false' to disable
2022-06-21 23:36:35.135  INFO 18664 --- [restartedMain] .e.DevToolsPropertyDefaultsPostProcessor : For additional web related logging consider setting the 'logging.level.web' property to 'DEBUG'
2022-06-21 23:36:36.249  INFO 18664 --- [restartedMain] .s.d.r.c.RepositoryConfigurationDelegate : Bootstrapping Spring Data JPA repositories in DEFAULT mode.
2022-06-21 23:36:37.234  INFO 18664 --- [restartedMain] .s.d.r.c.RepositoryConfigurationDelegate : Finished Spring Data repository scanning in 457 ms. Found 1 JPA repository interfaces.
2022-06-21 23:36:38.311  INFO 18664 --- [restartedMain] o.s.b.w.embedded.tomcat.TomcatWebServer  : Tomcat initialized with port(s): 8080 (http)
2022-06-21 23:36:38.327  INFO 18664 --- [restartedMain] o.apache.catalina.core.StandardService   : Starting service [Tomcat]
2022-06-21 23:36:38.328  INFO 18664 --- [restartedMain] org.apache.catalina.core.StandardEngine  : Starting Servlet engine: [Apache Tomcat/9.0.63]
2022-06-21 23:36:38.437  INFO 18664 --- [restartedMain] o.a.c.c.C.[Tomcat].[localhost].[/]       : Initializing Spring embedded WebApplicationContext
2022-06-21 23:36:38.438  INFO 18664 --- [restartedMain] w.s.c.ServletWebServerApplicationContext : Root WebApplicationContext: initialization completed in 3302 ms
2022-06-21 23:36:38.716  INFO 18664 --- [restartedMain] o.hibernate.jpa.internal.util.LogHelper  : HHH000204: Processing PersistenceUnitInfo [name: default]
2022-06-21 23:36:38.829  INFO 18664 --- [restartedMain] org.hibernate.Version                    : HHH000412: Hibernate ORM core version 5.6.9.Final
2022-06-21 23:36:39.205  INFO 18664 --- [restartedMain] o.hibernate.annotations.common.Version   : HCANN000001: Hibernate Commons Annotations {5.1.2.Final}
2022-06-21 23:36:39.477  INFO 18664 --- [restartedMain] com.zaxxer.hikari.HikariDataSource       : HikariPool-1 - Starting...
2022-06-21 23:36:40.197  INFO 18664 --- [restartedMain] com.zaxxer.hikari.HikariDataSource       : HikariPool-1 - Start completed.
2022-06-21 23:36:40.220  INFO 18664 --- [restartedMain] org.hibernate.dialect.Dialect            : HHH000400: Using dialect: org.hibernate.dialect.MySQL5Dialect
2022-06-21 23:36:41.338  INFO 18664 --- [restartedMain] o.h.e.t.j.p.i.JtaPlatformInitiator       : HHH000490: Using JtaPlatform implementation: [org.hibernate.engine.transaction.jta.platform.internal.NoJtaPlatform]
2022-06-21 23:36:41.346  INFO 18664 --- [restartedMain] j.LocalContainerEntityManagerFactoryBean : Initialized JPA EntityManagerFactory for persistence unit 'default'
2022-06-21 23:36:42.015  WARN 18664 --- [restartedMain] JpaBaseConfiguration$JpaWebConfiguration : spring.jpa.open-in-view is enabled by default. Therefore, database queries may be performed during view rendering. Explicitly configure spring.jpa.open-in-view to disable this warning
2022-06-21 23:36:42.377  INFO 18664 --- [restartedMain] pertySourcedRequestMappingHandlerMapping : Mapped URL path [/v2/api-docs] onto method [springfox.documentation.swagger2.web.Swagger2Controller#getDocumentation(String, HttpServletRequest)]
2022-06-21 23:36:42.556  INFO 18664 --- [restartedMain] o.s.b.d.a.OptionalLiveReloadServer       : LiveReload server is running on port 35729
2022-06-21 23:36:42.863  INFO 18664 --- [restartedMain] o.s.b.w.embedded.tomcat.TomcatWebServer  : Tomcat started on port(s): 8080 (http) with context path ''
2022-06-21 23:36:42.865  INFO 18664 --- [restartedMain] d.s.w.p.DocumentationPluginsBootstrapper : Context refreshed
2022-06-21 23:36:42.891  INFO 18664 --- [restartedMain] d.s.w.p.DocumentationPluginsBootstrapper : Found 1 custom documentation plugin(s)
2022-06-21 23:36:42.925  INFO 18664 --- [restartedMain] s.d.s.w.s.ApiListingReferenceScanner     : Scanning for api listing references
2022-06-21 23:36:43.120  INFO 18664 --- [restartedMain] c.S.P.PhoneBookApplication               : Started PhoneBookApplication in 8.453 seconds (JVM running for 9.344)
2022-06-21 23:37:44.962  INFO 18664 --- [Thread-4] j.LocalContainerEntityManagerFactoryBean : Closing JPA EntityManagerFactory for persistence unit 'default'
2022-06-21 23:37:45.422  INFO 18664 --- [Thread-4] com.zaxxer.hikari.HikariDataSource       : HikariPool-1 - Shutdown initiated...
2022-06-21 23:37:46.225  INFO 18664 --- [Thread-4] com.zaxxer.hikari.HikariDataSource       : HikariPool-1 - Shutdown completed.
2022-06-21 23:37:48.691  INFO 18664 --- [restartedMain] c.S.P.PhoneBookApplication               : Starting PhoneBookApplication using Java 17.0.2 on DESKTOP-ODI7B88 with PID 18664 (D:\MiniProject\phoneBookApplication\target\classes started by Dell in D:\MiniProject\phoneBookApplication)
2022-06-21 23:37:48.692  INFO 18664 --- [restartedMain] c.S.P.PhoneBookApplication               : No active profile set, falling back to 1 default profile: "default"
2022-06-21 23:37:49.382  INFO 18664 --- [restartedMain] .s.d.r.c.RepositoryConfigurationDelegate : Bootstrapping Spring Data JPA repositories in DEFAULT mode.
2022-06-21 23:37:49.388  INFO 18664 --- [restartedMain] .s.d.r.c.RepositoryConfigurationDelegate : Finished Spring Data repository scanning in 6 ms. Found 1 JPA repository interfaces.
2022-06-21 23:37:49.507  INFO 18664 --- [restartedMain] o.s.b.w.embedded.tomcat.TomcatWebServer  : Tomcat initialized with port(s): 8080 (http)
2022-06-21 23:37:49.508  INFO 18664 --- [restartedMain] o.apache.catalina.core.StandardService   : Starting service [Tomcat]
2022-06-21 23:37:49.508  INFO 18664 --- [restartedMain] org.apache.catalina.core.StandardEngine  : Starting Servlet engine: [Apache Tomcat/9.0.63]
2022-06-21 23:37:49.542  INFO 18664 --- [restartedMain] o.a.c.c.C.[Tomcat].[localhost].[/]       : Initializing Spring embedded WebApplicationContext
2022-06-21 23:37:49.543  INFO 18664 --- [restartedMain] w.s.c.ServletWebServerApplicationContext : Root WebApplicationContext: initialization completed in 846 ms
2022-06-21 23:37:49.579  INFO 18664 --- [restartedMain] o.hibernate.jpa.internal.util.LogHelper  : HHH000204: Processing PersistenceUnitInfo [name: default]
2022-06-21 23:37:49.583  INFO 18664 --- [restartedMain] com.zaxxer.hikari.HikariDataSource       : HikariPool-2 - Starting...
2022-06-21 23:37:49.899  INFO 18664 --- [restartedMain] com.zaxxer.hikari.HikariDataSource       : HikariPool-2 - Start completed.
2022-06-21 23:37:49.900  INFO 18664 --- [restartedMain] org.hibernate.dialect.Dialect            : HHH000400: Using dialect: org.hibernate.dialect.MySQL5Dialect
2022-06-21 23:37:50.297  INFO 18664 --- [restartedMain] o.h.e.t.j.p.i.JtaPlatformInitiator       : HHH000490: Using JtaPlatform implementation: [org.hibernate.engine.transaction.jta.platform.internal.NoJtaPlatform]
2022-06-21 23:37:50.297  INFO 18664 --- [restartedMain] j.LocalContainerEntityManagerFactoryBean : Initialized JPA EntityManagerFactory for persistence unit 'default'
2022-06-21 23:37:50.437  WARN 18664 --- [restartedMain] JpaBaseConfiguration$JpaWebConfiguration : spring.jpa.open-in-view is enabled by default. Therefore, database queries may be performed during view rendering. Explicitly configure spring.jpa.open-in-view to disable this warning
2022-06-21 23:37:50.476  INFO 18664 --- [restartedMain] pertySourcedRequestMappingHandlerMapping : Mapped URL path [/v2/api-docs] onto method [springfox.documentation.swagger2.web.Swagger2Controller#getDocumentation(String, HttpServletRequest)]
2022-06-21 23:37:50.529  INFO 18664 --- [restartedMain] o.s.b.d.a.OptionalLiveReloadServer       : LiveReload server is running on port 35729
2022-06-21 23:37:50.617  INFO 18664 --- [restartedMain] o.s.b.w.embedded.tomcat.TomcatWebServer  : Tomcat started on port(s): 8080 (http) with context path ''
2022-06-21 23:37:50.619  INFO 18664 --- [restartedMain] d.s.w.p.DocumentationPluginsBootstrapper : Context refreshed
2022-06-21 23:37:50.620  INFO 18664 --- [restartedMain] d.s.w.p.DocumentationPluginsBootstrapper : Found 1 custom documentation plugin(s)
2022-06-21 23:37:50.630  INFO 18664 --- [restartedMain] s.d.s.w.s.ApiListingReferenceScanner     : Scanning for api listing references
2022-06-21 23:37:50.696  INFO 18664 --- [restartedMain] c.S.P.PhoneBookApplication               : Started PhoneBookApplication in 2.198 seconds (JVM running for 76.921)
2022-06-21 23:37:50.698  INFO 18664 --- [restartedMain] .ConditionEvaluationDeltaLoggingListener : Condition evaluation unchanged
2022-06-21 23:38:06.038  INFO 18664 --- [Thread-7] j.LocalContainerEntityManagerFactoryBean : Closing JPA EntityManagerFactory for persistence unit 'default'
2022-06-21 23:38:06.039  INFO 18664 --- [Thread-7] com.zaxxer.hikari.HikariDataSource       : HikariPool-2 - Shutdown initiated...
2022-06-21 23:38:06.074  INFO 18664 --- [Thread-7] com.zaxxer.hikari.HikariDataSource       : HikariPool-2 - Shutdown completed.
2022-06-21 23:38:41.328  INFO 18664 --- [restartedMain] c.S.P.PhoneBookApplication               : Starting PhoneBookApplication using Java 17.0.2 on DESKTOP-ODI7B88 with PID 18664 (D:\MiniProject\phoneBookApplication\target\classes started by Dell in D:\MiniProject\phoneBookApplication)
2022-06-21 23:38:41.329  INFO 18664 --- [restartedMain] c.S.P.PhoneBookApplication               : No active profile set, falling back to 1 default profile: "default"
2022-06-21 23:38:41.945  INFO 18664 --- [restartedMain] .s.d.r.c.RepositoryConfigurationDelegate : Bootstrapping Spring Data JPA repositories in DEFAULT mode.
2022-06-21 23:38:41.976  INFO 18664 --- [restartedMain] .s.d.r.c.RepositoryConfigurationDelegate : Finished Spring Data repository scanning in 28 ms. Found 1 JPA repository interfaces.
2022-06-21 23:38:42.252  INFO 18664 --- [restartedMain] o.s.b.w.embedded.tomcat.TomcatWebServer  : Tomcat initialized with port(s): 8080 (http)
2022-06-21 23:38:42.254  INFO 18664 --- [restartedMain] o.apache.catalina.core.StandardService   : Starting service [Tomcat]
2022-06-21 23:38:42.255  INFO 18664 --- [restartedMain] org.apache.catalina.core.StandardEngine  : Starting Servlet engine: [Apache Tomcat/9.0.63]
2022-06-21 23:38:42.294  INFO 18664 --- [restartedMain] o.a.c.c.C.[Tomcat-1].[localhost].[/]     : Initializing Spring embedded WebApplicationContext
2022-06-21 23:38:42.295  INFO 18664 --- [restartedMain] w.s.c.ServletWebServerApplicationContext : Root WebApplicationContext: initialization completed in 965 ms
2022-06-21 23:38:42.346  INFO 18664 --- [restartedMain] o.hibernate.jpa.internal.util.LogHelper  : HHH000204: Processing PersistenceUnitInfo [name: default]
2022-06-21 23:38:42.392  INFO 18664 --- [restartedMain] com.zaxxer.hikari.HikariDataSource       : HikariPool-3 - Starting...
2022-06-21 23:38:42.598  INFO 18664 --- [restartedMain] com.zaxxer.hikari.HikariDataSource       : HikariPool-3 - Start completed.
2022-06-21 23:38:42.603  INFO 18664 --- [restartedMain] org.hibernate.dialect.Dialect            : HHH000400: Using dialect: org.hibernate.dialect.MySQL5Dialect
2022-06-21 23:38:42.834  INFO 18664 --- [restartedMain] o.h.e.t.j.p.i.JtaPlatformInitiator       : HHH000490: Using JtaPlatform implementation: [org.hibernate.engine.transaction.jta.platform.internal.NoJtaPlatform]
2022-06-21 23:38:42.839  INFO 18664 --- [restartedMain] j.LocalContainerEntityManagerFactoryBean : Initialized JPA EntityManagerFactory for persistence unit 'default'
2022-06-21 23:38:43.063  WARN 18664 --- [restartedMain] JpaBaseConfiguration$JpaWebConfiguration : spring.jpa.open-in-view is enabled by default. Therefore, database queries may be performed during view rendering. Explicitly configure spring.jpa.open-in-view to disable this warning
2022-06-21 23:38:43.113  INFO 18664 --- [restartedMain] pertySourcedRequestMappingHandlerMapping : Mapped URL path [/v2/api-docs] onto method [springfox.documentation.swagger2.web.Swagger2Controller#getDocumentation(String, HttpServletRequest)]
2022-06-21 23:38:43.230  INFO 18664 --- [restartedMain] o.s.b.d.a.OptionalLiveReloadServer       : LiveReload server is running on port 35729
2022-06-21 23:38:43.356  INFO 18664 --- [restartedMain] o.s.b.w.embedded.tomcat.TomcatWebServer  : Tomcat started on port(s): 8080 (http) with context path ''
2022-06-21 23:38:43.357  INFO 18664 --- [restartedMain] d.s.w.p.DocumentationPluginsBootstrapper : Context refreshed
2022-06-21 23:38:43.359  INFO 18664 --- [restartedMain] d.s.w.p.DocumentationPluginsBootstrapper : Found 1 custom documentation plugin(s)
2022-06-21 23:38:43.380  INFO 18664 --- [restartedMain] s.d.s.w.s.ApiListingReferenceScanner     : Scanning for api listing references
2022-06-21 23:38:43.508  INFO 18664 --- [restartedMain] c.S.P.PhoneBookApplication               : Started PhoneBookApplication in 2.34 seconds (JVM running for 129.732)
2022-06-21 23:38:43.511  INFO 18664 --- [restartedMain] .ConditionEvaluationDeltaLoggingListener : Condition evaluation unchanged
2022-06-21 23:39:30.400  INFO 18664 --- [RMI TCP Connection(18)-127.0.0.1] inMXBeanRegistrar$SpringApplicationAdmin : Application shutdown requested.
2022-06-21 23:39:32.360  INFO 18664 --- [RMI TCP Connection(18)-127.0.0.1] j.LocalContainerEntityManagerFactoryBean : Closing JPA EntityManagerFactory for persistence unit 'default'
2022-06-21 23:39:32.410  INFO 18664 --- [RMI TCP Connection(18)-127.0.0.1] com.zaxxer.hikari.HikariDataSource       : HikariPool-3 - Shutdown initiated...
2022-06-21 23:39:32.551  INFO 18664 --- [RMI TCP Connection(18)-127.0.0.1] com.zaxxer.hikari.HikariDataSource       : HikariPool-3 - Shutdown completed.
